<?xml version="1.0" encoding="UTF-8"?>
<!-- Generated by org.testng.reporters.JUnitXMLReporter -->
<testsuite hostname="ECOWS-202" ignored="0" name="Test" tests="1" failures="1" timestamp="2019-12-02T12:19:44 IST" time="0.074" errors="0">
  <testcase name="Create" time="0.013" classname="Com.Study.TestCreateExcel">
    <failure type="java.lang.NullPointerException">
      <![CDATA[java.lang.NullPointerException
at Com.Study.TestCreateExcel.Create(TestCreateExcel.java:18)
at java.util.ArrayList.forEach(Unknown Source)
... Removed 28 stack frames]]>
    </failure>
  </testcase> <!-- Create -->
</testsuite> <!-- Test -->
