<?xml version="1.0" encoding="UTF-8"?>
<testng-results skipped="0" failed="0" ignored="0" total="1" passed="1">
  <reporter-output>
  </reporter-output>
  <suite name="Default suite" duration-ms="399" started-at="2019-12-02T15:14:33 IST" finished-at="2019-12-02T15:14:33 IST">
    <groups>
    </groups>
    <test name="Default test" duration-ms="399" started-at="2019-12-02T15:14:33 IST" finished-at="2019-12-02T15:14:33 IST">
      <class name="Com.Study.TestCreateExcel">
        <test-method status="PASS" signature="Create()[pri:0, instance:Com.Study.TestCreateExcel@6321e813]" name="Create" duration-ms="337" started-at="2019-12-02T15:14:33 IST" finished-at="2019-12-02T15:14:33 IST">
          <reporter-output>
          </reporter-output>
        </test-method> <!-- Create -->
      </class> <!-- Com.Study.TestCreateExcel -->
    </test> <!-- Default test -->
  </suite> <!-- Default suite -->
</testng-results>
